[18:16:24] [ServerMain/INFO]: [bootstrap] Running Java 21 (OpenJDK 64-Bit Server VM 21.0.8+9-LTS; Amazon.com Inc. Corretto-21.0.8.9.1) on Windows 10 10.0 (amd64)
[18:16:24] [ServerMain/INFO]: [bootstrap] Loading Paper 1.21.8-60-main@29c8822 (2025-09-06T21:49:13Z) for Minecraft 1.21.8
[18:16:25] [ServerMain/INFO]: [PluginInitializerManager] Initializing plugins...
[18:16:26] [ServerMain/INFO]: [PluginInitializerManager] Initialized 1 plugin
[18:16:26] [ServerMain/INFO]: [PluginInitializerManager] Bukkit plugins (1):
 - ObsidianCage (1.0.0)
[18:16:35] [ServerMain/INFO]: Environment: Environment[sessionHost=https://sessionserver.mojang.com, servicesHost=https://api.minecraftservices.com, name=PROD]
[18:16:39] [ServerMain/INFO]: Loaded 1407 recipes
[18:16:39] [ServerMain/INFO]: Loaded 1520 advancements
[18:16:39] [ServerMain/INFO]: [ca.spottedleaf.dataconverter.minecraft.datatypes.MCTypeRegistry] Initialising converters for DataConverter...
[18:16:40] [ServerMain/INFO]: [ca.spottedleaf.dataconverter.minecraft.datatypes.MCTypeRegistry] Finished initialising converters for DataConverter in 991,9ms
[18:16:40] [Server thread/INFO]: Starting minecraft server version 1.21.8
[18:16:40] [Server thread/WARN]: ****************************
[18:16:40] [Server thread/WARN]: YOU ARE RUNNING THIS SERVER AS AN ADMINISTRATIVE OR ROOT USER. THIS IS NOT ADVISED.
[18:16:40] [Server thread/WARN]: YOU ARE OPENING YOURSELF UP TO POTENTIAL RISKS WHEN DOING THIS.
[18:16:40] [Server thread/WARN]: FOR MORE INFORMATION, SEE https://madelinemiller.dev/blog/root-minecraft-server/
[18:16:40] [Server thread/WARN]: ****************************
[18:16:40] [Server thread/INFO]: Loading properties
[18:16:40] [Server thread/INFO]: This server is running Paper version 1.21.8-60-main@29c8822 (2025-09-06T21:49:13Z) (Implementing API version 1.21.8-R0.1-SNAPSHOT)
[18:16:40] [Server thread/INFO]: [spark] This server bundles the spark profiler. For more information please visit https://docs.papermc.io/paper/profiling
[18:16:40] [Server thread/INFO]: Server Ping Player Sample Count: 12
[18:16:40] [Server thread/INFO]: Using 4 threads for Netty based IO
[18:16:42] [Server thread/INFO]: [MoonriseCommon] Paper is using 2 worker threads, 1 I/O threads
[18:16:42] [Server thread/INFO]: [ChunkTaskScheduler] Chunk system is using population gen parallelism: true
[18:16:42] [Server thread/INFO]: Default game type: SURVIVAL
[18:16:42] [Server thread/INFO]: Generating keypair
[18:16:42] [Server thread/INFO]: Starting Minecraft server on *:25565
[18:16:42] [Server thread/INFO]: Using default channel type
[18:16:42] [Server thread/INFO]: Paper: Using Java compression from Velocity.
[18:16:42] [Server thread/INFO]: Paper: Using Java cipher from Velocity.
[18:16:43] [Server thread/INFO]: [ObsidianCage] Loading server plugin ObsidianCage v1.0.0
[18:16:43] [Server thread/INFO]: Server permissions file permissions.yml is empty, ignoring it
[18:16:43] [Server thread/WARN]: **** SERVER IS RUNNING IN OFFLINE/INSECURE MODE!
[18:16:43] [Server thread/WARN]: The server will make no attempt to authenticate usernames. Beware.
[18:16:43] [Server thread/WARN]: While this makes the game possible to play without internet access, it also opens up the ability for hackers to connect with any username they choose.
[18:16:43] [Server thread/WARN]: To change this, set "online-mode" to "true" in the server.properties file.
[18:16:43] [Server thread/INFO]: Preparing level "world"
[18:16:43] [Server thread/INFO]: Preparing start region for dimension minecraft:overworld
[18:16:44] [Server thread/INFO]: Preparing spawn area: 0%
[18:16:45] [Server thread/INFO]: Preparing spawn area: 0%
[18:16:45] [Server thread/INFO]: Preparing spawn area: 0%
[18:16:45] [Server thread/INFO]: Time elapsed: 1421 ms
[18:16:45] [Server thread/INFO]: Preparing start region for dimension minecraft:the_nether
[18:16:45] [Server thread/INFO]: Preparing spawn area: 0%
[18:16:45] [Server thread/INFO]: Time elapsed: 262 ms
[18:16:45] [Server thread/INFO]: Preparing start region for dimension minecraft:the_end
[18:16:45] [Server thread/INFO]: Preparing spawn area: 0%
[18:16:45] [Server thread/INFO]: Time elapsed: 97 ms
[18:16:45] [Server thread/INFO]: [ObsidianCage] Enabling ObsidianCage v1.0.0
[18:16:45] [Server thread/INFO]: [ObsidianCage] ObsidianCage plugin enabled!
[18:16:45] [Server thread/INFO]: [spark] Starting background profiler...
[18:16:45] [Server thread/INFO]: [spark] The async-profiler engine is not supported for your os/arch (windows10/amd64), so the built-in Java engine will be used instead.
[18:16:45] [Server thread/INFO]: Done preparing level "world" (2.919s)
[18:16:45] [Server thread/INFO]: Running delayed init tasks
[18:16:45] [Server thread/INFO]: Done (23.274s)! For help, type "help"
